This file contains any messages produced by compilers while
running configure, to aid debugging if configure makes a mistake.

It was created by query_grid configure 0.1, which was
generated by GNU Autoconf 2.69.  Invocation command line was

  $ ./configure --no-create --no-recursion

## --------- ##
## Platform. ##
## --------- ##

hostname = peter
uname -m = i686
uname -r = 3.13.0-43-generic
uname -s = Linux
uname -v = #72-Ubuntu SMP Mon Dec 8 19:35:44 UTC 2014

/usr/bin/uname -p = unknown
/bin/uname -X     = unknown

/bin/arch              = unknown
/usr/bin/arch -k       = unknown
/usr/convex/getsysinfo = unknown
/usr/bin/hostinfo      = unknown
/bin/machine           = unknown
/usr/bin/oslevel       = unknown
/bin/universe          = unknown

PATH: /usr/local/go/bin
PATH: /usr/local/sbin
PATH: /usr/local/bin
PATH: /usr/sbin
PATH: /usr/bin
PATH: /sbin
PATH: /bin
PATH: /usr/games
PATH: /usr/local/games


## ----------- ##
## Core tests. ##
## ----------- ##

configure:2178: checking for a BSD-compatible install
configure:2246: result: /usr/bin/install -c
configure:2257: checking whether build environment is sane
configure:2312: result: yes
configure:2463: checking for a thread-safe mkdir -p
configure:2502: result: /bin/mkdir -p
configure:2509: checking for gawk
configure:2539: result: no
configure:2509: checking for mawk
configure:2525: found /usr/bin/mawk
configure:2536: result: mawk
configure:2547: checking whether make sets $(MAKE)
configure:2569: result: yes
configure:2598: checking whether make supports nested variables
configure:2615: result: yes
configure:2793: checking for g++
configure:2809: found /usr/bin/g++
configure:2820: result: g++
configure:2847: checking for C++ compiler version
configure:2856: g++ --version >&5
g++ (Ubuntu 4.8.2-19ubuntu1) 4.8.2
Copyright (C) 2013 Free Software Foundation, Inc.
This is free software; see the source for copying conditions.  There is NO
warranty; not even for MERCHANTABILITY or FITNESS FOR A PARTICULAR PURPOSE.

configure:2867: $? = 0
configure:2856: g++ -v >&5
Using built-in specs.
COLLECT_GCC=g++
COLLECT_LTO_WRAPPER=/usr/lib/gcc/i686-linux-gnu/4.8/lto-wrapper
Target: i686-linux-gnu
Configured with: ../src/configure -v --with-pkgversion='Ubuntu 4.8.2-19ubuntu1' --with-bugurl=file:///usr/share/doc/gcc-4.8/README.Bugs --enable-languages=c,c++,java,go,d,fortran,objc,obj-c++ --prefix=/usr --program-suffix=-4.8 --enable-shared --enable-linker-build-id --libexecdir=/usr/lib --without-included-gettext --enable-threads=posix --with-gxx-include-dir=/usr/include/c++/4.8 --libdir=/usr/lib --enable-nls --with-sysroot=/ --enable-clocale=gnu --enable-libstdcxx-debug --enable-libstdcxx-time=yes --enable-gnu-unique-object --disable-libmudflap --enable-plugin --with-system-zlib --disable-browser-plugin --enable-java-awt=gtk --enable-gtk-cairo --with-java-home=/usr/lib/jvm/java-1.5.0-gcj-4.8-i386/jre --enable-java-home --with-jvm-root-dir=/usr/lib/jvm/java-1.5.0-gcj-4.8-i386 --with-jvm-jar-dir=/usr/lib/jvm-exports/java-1.5.0-gcj-4.8-i386 --with-arch-directory=i386 --with-ecj-jar=/usr/share/java/eclipse-ecj.jar --enable-objc-gc --enable-targets=all --enable-multiarch --disable-werror --with-arch-32=i686 --with-multilib-list=m32,m64,mx32 --with-tune=generic --enable-checking=release --build=i686-linux-gnu --host=i686-linux-gnu --target=i686-linux-gnu
Thread model: posix
gcc version 4.8.2 (Ubuntu 4.8.2-19ubuntu1) 
configure:2867: $? = 0
configure:2856: g++ -V >&5
g++: error: unrecognized command line option '-V'
g++: fatal error: no input files
compilation terminated.
configure:2867: $? = 4
configure:2856: g++ -qversion >&5
g++: error: unrecognized command line option '-qversion'
g++: fatal error: no input files
compilation terminated.
configure:2867: $? = 4
configure:2887: checking whether the C++ compiler works
configure:2909: g++    conftest.cpp  >&5
configure:2913: $? = 0
configure:2961: result: yes
configure:2964: checking for C++ compiler default output file name
configure:2966: result: a.out
configure:2972: checking for suffix of executables
configure:2979: g++ -o conftest    conftest.cpp  >&5
configure:2983: $? = 0
configure:3005: result: 
configure:3027: checking whether we are cross compiling
configure:3035: g++ -o conftest    conftest.cpp  >&5
configure:3039: $? = 0
configure:3046: ./conftest
configure:3050: $? = 0
configure:3065: result: no
configure:3070: checking for suffix of object files
configure:3092: g++ -c   conftest.cpp >&5
configure:3096: $? = 0
configure:3117: result: o
configure:3121: checking whether we are using the GNU C++ compiler
configure:3140: g++ -c   conftest.cpp >&5
configure:3140: $? = 0
configure:3149: result: yes
configure:3158: checking whether g++ accepts -g
configure:3178: g++ -c -g  conftest.cpp >&5
configure:3178: $? = 0
configure:3219: result: yes
configure:3253: checking for style of include used by make
configure:3281: result: GNU
configure:3307: checking dependency style of g++
configure:3418: result: gcc3
configure:3481: checking for gcc
configure:3497: found /usr/bin/gcc
configure:3508: result: gcc
configure:3737: checking for C compiler version
configure:3746: gcc --version >&5
gcc (Ubuntu 4.8.2-19ubuntu1) 4.8.2
Copyright (C) 2013 Free Software Foundation, Inc.
This is free software; see the source for copying conditions.  There is NO
warranty; not even for MERCHANTABILITY or FITNESS FOR A PARTICULAR PURPOSE.

configure:3757: $? = 0
configure:3746: gcc -v >&5
Using built-in specs.
COLLECT_GCC=gcc
COLLECT_LTO_WRAPPER=/usr/lib/gcc/i686-linux-gnu/4.8/lto-wrapper
Target: i686-linux-gnu
Configured with: ../src/configure -v --with-pkgversion='Ubuntu 4.8.2-19ubuntu1' --with-bugurl=file:///usr/share/doc/gcc-4.8/README.Bugs --enable-languages=c,c++,java,go,d,fortran,objc,obj-c++ --prefix=/usr --program-suffix=-4.8 --enable-shared --enable-linker-build-id --libexecdir=/usr/lib --without-included-gettext --enable-threads=posix --with-gxx-include-dir=/usr/include/c++/4.8 --libdir=/usr/lib --enable-nls --with-sysroot=/ --enable-clocale=gnu --enable-libstdcxx-debug --enable-libstdcxx-time=yes --enable-gnu-unique-object --disable-libmudflap --enable-plugin --with-system-zlib --disable-browser-plugin --enable-java-awt=gtk --enable-gtk-cairo --with-java-home=/usr/lib/jvm/java-1.5.0-gcj-4.8-i386/jre --enable-java-home --with-jvm-root-dir=/usr/lib/jvm/java-1.5.0-gcj-4.8-i386 --with-jvm-jar-dir=/usr/lib/jvm-exports/java-1.5.0-gcj-4.8-i386 --with-arch-directory=i386 --with-ecj-jar=/usr/share/java/eclipse-ecj.jar --enable-objc-gc --enable-targets=all --enable-multiarch --disable-werror --with-arch-32=i686 --with-multilib-list=m32,m64,mx32 --with-tune=generic --enable-checking=release --build=i686-linux-gnu --host=i686-linux-gnu --target=i686-linux-gnu
Thread model: posix
gcc version 4.8.2 (Ubuntu 4.8.2-19ubuntu1) 
configure:3757: $? = 0
configure:3746: gcc -V >&5
gcc: error: unrecognized command line option '-V'
gcc: fatal error: no input files
compilation terminated.
configure:3757: $? = 4
configure:3746: gcc -qversion >&5
gcc: error: unrecognized command line option '-qversion'
gcc: fatal error: no input files
compilation terminated.
configure:3757: $? = 4
configure:3761: checking whether we are using the GNU C compiler
configure:3780: gcc -c   conftest.c >&5
configure:3780: $? = 0
configure:3789: result: yes
configure:3798: checking whether gcc accepts -g
configure:3818: gcc -c -g  conftest.c >&5
configure:3818: $? = 0
configure:3859: result: yes
configure:3876: checking for gcc option to accept ISO C89
configure:3939: gcc  -c -g -O2  conftest.c >&5
configure:3939: $? = 0
configure:3952: result: none needed
configure:3977: checking whether gcc understands -c and -o together
configure:3999: gcc -c conftest.c -o conftest2.o
configure:4002: $? = 0
configure:3999: gcc -c conftest.c -o conftest2.o
configure:4002: $? = 0
configure:4014: result: yes
configure:4033: checking dependency style of gcc
configure:4144: result: gcc3
configure:4169: checking how to run the C preprocessor
configure:4200: gcc -E  conftest.c
configure:4200: $? = 0
configure:4214: gcc -E  conftest.c
conftest.c:9:28: fatal error: ac_nonexistent.h: No such file or directory
 #include <ac_nonexistent.h>
                            ^
compilation terminated.
configure:4214: $? = 1
configure: failed program was:
| /* confdefs.h */
| #define PACKAGE_NAME "query_grid"
| #define PACKAGE_TARNAME "query_grid"
| #define PACKAGE_VERSION "0.1"
| #define PACKAGE_STRING "query_grid 0.1"
| #define PACKAGE_BUGREPORT "msl.fulong@gmail.com"
| #define PACKAGE_URL ""
| /* end confdefs.h.  */
| #include <ac_nonexistent.h>
configure:4239: result: gcc -E
configure:4259: gcc -E  conftest.c
configure:4259: $? = 0
configure:4273: gcc -E  conftest.c
conftest.c:9:28: fatal error: ac_nonexistent.h: No such file or directory
 #include <ac_nonexistent.h>
                            ^
compilation terminated.
configure:4273: $? = 1
configure: failed program was:
| /* confdefs.h */
| #define PACKAGE_NAME "query_grid"
| #define PACKAGE_TARNAME "query_grid"
| #define PACKAGE_VERSION "0.1"
| #define PACKAGE_STRING "query_grid 0.1"
| #define PACKAGE_BUGREPORT "msl.fulong@gmail.com"
| #define PACKAGE_URL ""
| /* end confdefs.h.  */
| #include <ac_nonexistent.h>
configure:4302: checking for grep that handles long lines and -e
configure:4360: result: /bin/grep
configure:4365: checking for egrep
configure:4427: result: /bin/grep -E
configure:4432: checking for ANSI C header files
configure:4452: gcc -c -g -O2  conftest.c >&5
configure:4452: $? = 0
configure:4525: gcc -o conftest -g -O2   conftest.c  >&5
configure:4525: $? = 0
configure:4525: ./conftest
configure:4525: $? = 0
configure:4536: result: yes
configure:4549: checking for sys/types.h
configure:4549: gcc -c -g -O2  conftest.c >&5
configure:4549: $? = 0
configure:4549: result: yes
configure:4549: checking for sys/stat.h
configure:4549: gcc -c -g -O2  conftest.c >&5
configure:4549: $? = 0
configure:4549: result: yes
configure:4549: checking for stdlib.h
configure:4549: gcc -c -g -O2  conftest.c >&5
configure:4549: $? = 0
configure:4549: result: yes
configure:4549: checking for string.h
configure:4549: gcc -c -g -O2  conftest.c >&5
configure:4549: $? = 0
configure:4549: result: yes
configure:4549: checking for memory.h
configure:4549: gcc -c -g -O2  conftest.c >&5
configure:4549: $? = 0
configure:4549: result: yes
configure:4549: checking for strings.h
configure:4549: gcc -c -g -O2  conftest.c >&5
configure:4549: $? = 0
configure:4549: result: yes
configure:4549: checking for inttypes.h
configure:4549: gcc -c -g -O2  conftest.c >&5
configure:4549: $? = 0
configure:4549: result: yes
configure:4549: checking for stdint.h
configure:4549: gcc -c -g -O2  conftest.c >&5
configure:4549: $? = 0
configure:4549: result: yes
configure:4549: checking for unistd.h
configure:4549: gcc -c -g -O2  conftest.c >&5
configure:4549: $? = 0
configure:4549: result: yes
configure:4563: checking for stdlib.h
configure:4563: result: yes
configure:4575: checking for size_t
configure:4575: gcc -c -g -O2  conftest.c >&5
configure:4575: $? = 0
configure:4575: gcc -c -g -O2  conftest.c >&5
conftest.c: In function 'main':
conftest.c:56:21: error: expected expression before ')' token
 if (sizeof ((size_t)))
                     ^
configure:4575: $? = 1
configure: failed program was:
| /* confdefs.h */
| #define PACKAGE_NAME "query_grid"
| #define PACKAGE_TARNAME "query_grid"
| #define PACKAGE_VERSION "0.1"
| #define PACKAGE_STRING "query_grid 0.1"
| #define PACKAGE_BUGREPORT "msl.fulong@gmail.com"
| #define PACKAGE_URL ""
| #define STDC_HEADERS 1
| #define HAVE_SYS_TYPES_H 1
| #define HAVE_SYS_STAT_H 1
| #define HAVE_STDLIB_H 1
| #define HAVE_STRING_H 1
| #define HAVE_MEMORY_H 1
| #define HAVE_STRINGS_H 1
| #define HAVE_INTTYPES_H 1
| #define HAVE_STDINT_H 1
| #define HAVE_UNISTD_H 1
| #define HAVE_STDLIB_H 1
| /* end confdefs.h.  */
| #include <stdio.h>
| #ifdef HAVE_SYS_TYPES_H
| # include <sys/types.h>
| #endif
| #ifdef HAVE_SYS_STAT_H
| # include <sys/stat.h>
| #endif
| #ifdef STDC_HEADERS
| # include <stdlib.h>
| # include <stddef.h>
| #else
| # ifdef HAVE_STDLIB_H
| #  include <stdlib.h>
| # endif
| #endif
| #ifdef HAVE_STRING_H
| # if !defined STDC_HEADERS && defined HAVE_MEMORY_H
| #  include <memory.h>
| # endif
| # include <string.h>
| #endif
| #ifdef HAVE_STRINGS_H
| # include <strings.h>
| #endif
| #ifdef HAVE_INTTYPES_H
| # include <inttypes.h>
| #endif
| #ifdef HAVE_STDINT_H
| # include <stdint.h>
| #endif
| #ifdef HAVE_UNISTD_H
| # include <unistd.h>
| #endif
| int
| main ()
| {
| if (sizeof ((size_t)))
| 	    return 0;
|   ;
|   return 0;
| }
configure:4575: result: yes
configure:4736: checking that generated files are newer than configure
configure:4742: result: done
configure:4769: creating ./config.status

## ---------------- ##
## Cache variables. ##
## ---------------- ##

ac_cv_c_compiler_gnu=yes
ac_cv_cxx_compiler_gnu=yes
ac_cv_env_CCC_set=
ac_cv_env_CCC_value=
ac_cv_env_CC_set=
ac_cv_env_CC_value=
ac_cv_env_CFLAGS_set=
ac_cv_env_CFLAGS_value=
ac_cv_env_CPPFLAGS_set=
ac_cv_env_CPPFLAGS_value=
ac_cv_env_CPP_set=
ac_cv_env_CPP_value=
ac_cv_env_CXXFLAGS_set=
ac_cv_env_CXXFLAGS_value=
ac_cv_env_CXX_set=
ac_cv_env_CXX_value=
ac_cv_env_LDFLAGS_set=
ac_cv_env_LDFLAGS_value=
ac_cv_env_LIBS_set=
ac_cv_env_LIBS_value=
ac_cv_env_build_alias_set=
ac_cv_env_build_alias_value=
ac_cv_env_host_alias_set=
ac_cv_env_host_alias_value=
ac_cv_env_target_alias_set=
ac_cv_env_target_alias_value=
ac_cv_header_inttypes_h=yes
ac_cv_header_memory_h=yes
ac_cv_header_stdc=yes
ac_cv_header_stdint_h=yes
ac_cv_header_stdlib_h=yes
ac_cv_header_string_h=yes
ac_cv_header_strings_h=yes
ac_cv_header_sys_stat_h=yes
ac_cv_header_sys_types_h=yes
ac_cv_header_unistd_h=yes
ac_cv_objext=o
ac_cv_path_EGREP='/bin/grep -E'
ac_cv_path_GREP=/bin/grep
ac_cv_path_install='/usr/bin/install -c'
ac_cv_path_mkdir=/bin/mkdir
ac_cv_prog_AWK=mawk
ac_cv_prog_CPP='gcc -E'
ac_cv_prog_ac_ct_CC=gcc
ac_cv_prog_ac_ct_CXX=g++
ac_cv_prog_cc_c89=
ac_cv_prog_cc_g=yes
ac_cv_prog_cxx_g=yes
ac_cv_prog_make_make_set=yes
ac_cv_type_size_t=yes
am_cv_CC_dependencies_compiler_type=gcc3
am_cv_CXX_dependencies_compiler_type=gcc3
am_cv_make_support_nested_variables=yes
am_cv_prog_cc_c_o=yes

## ----------------- ##
## Output variables. ##
## ----------------- ##

ACLOCAL='${SHELL} /home/peter/peter-proj/map-matching-algorithm/tools/query_grid/missing aclocal-1.14'
AMDEPBACKSLASH='\'
AMDEP_FALSE='#'
AMDEP_TRUE=''
AMTAR='$${TAR-tar}'
AM_BACKSLASH='\'
AM_DEFAULT_V='$(AM_DEFAULT_VERBOSITY)'
AM_DEFAULT_VERBOSITY='1'
AM_V='$(V)'
AUTOCONF='${SHELL} /home/peter/peter-proj/map-matching-algorithm/tools/query_grid/missing autoconf'
AUTOHEADER='${SHELL} /home/peter/peter-proj/map-matching-algorithm/tools/query_grid/missing autoheader'
AUTOMAKE='${SHELL} /home/peter/peter-proj/map-matching-algorithm/tools/query_grid/missing automake-1.14'
AWK='mawk'
CC='gcc'
CCDEPMODE='depmode=gcc3'
CFLAGS='-g -O2'
CPP='gcc -E'
CPPFLAGS=''
CXX='g++'
CXXDEPMODE='depmode=gcc3'
CXXFLAGS='-g -O2'
CYGPATH_W='echo'
DEFS='-DPACKAGE_NAME=\"query_grid\" -DPACKAGE_TARNAME=\"query_grid\" -DPACKAGE_VERSION=\"0.1\" -DPACKAGE_STRING=\"query_grid\ 0.1\" -DPACKAGE_BUGREPORT=\"msl.fulong@gmail.com\" -DPACKAGE_URL=\"\" -DSTDC_HEADERS=1 -DHAVE_SYS_TYPES_H=1 -DHAVE_SYS_STAT_H=1 -DHAVE_STDLIB_H=1 -DHAVE_STRING_H=1 -DHAVE_MEMORY_H=1 -DHAVE_STRINGS_H=1 -DHAVE_INTTYPES_H=1 -DHAVE_STDINT_H=1 -DHAVE_UNISTD_H=1 -DHAVE_STDLIB_H=1'
DEPDIR='.deps'
ECHO_C=''
ECHO_N='-n'
ECHO_T=''
EGREP='/bin/grep -E'
EXEEXT=''
GREP='/bin/grep'
INSTALL_DATA='${INSTALL} -m 644'
INSTALL_PROGRAM='${INSTALL}'
INSTALL_SCRIPT='${INSTALL}'
INSTALL_STRIP_PROGRAM='$(install_sh) -c -s'
LDFLAGS=''
LIBOBJS=''
LIBS=''
LTLIBOBJS=''
MAKEINFO='${SHELL} /home/peter/peter-proj/map-matching-algorithm/tools/query_grid/missing makeinfo'
MKDIR_P='/bin/mkdir -p'
OBJEXT='o'
PACKAGE='query_grid'
PACKAGE_BUGREPORT='msl.fulong@gmail.com'
PACKAGE_NAME='query_grid'
PACKAGE_STRING='query_grid 0.1'
PACKAGE_TARNAME='query_grid'
PACKAGE_URL=''
PACKAGE_VERSION='0.1'
PATH_SEPARATOR=':'
SET_MAKE=''
SHELL='/bin/bash'
STRIP=''
VERSION='0.1'
ac_ct_CC='gcc'
ac_ct_CXX='g++'
am__EXEEXT_FALSE=''
am__EXEEXT_TRUE='#'
am__fastdepCC_FALSE='#'
am__fastdepCC_TRUE=''
am__fastdepCXX_FALSE='#'
am__fastdepCXX_TRUE=''
am__include='include'
am__isrc=''
am__leading_dot='.'
am__nodep='_no'
am__quote=''
am__tar='$${TAR-tar} chof - "$$tardir"'
am__untar='$${TAR-tar} xf -'
bindir='${exec_prefix}/bin'
build_alias=''
datadir='${datarootdir}'
datarootdir='${prefix}/share'
docdir='${datarootdir}/doc/${PACKAGE_TARNAME}'
dvidir='${docdir}'
exec_prefix='${prefix}'
host_alias=''
htmldir='${docdir}'
includedir='${prefix}/include'
infodir='${datarootdir}/info'
install_sh='${SHELL} /home/peter/peter-proj/map-matching-algorithm/tools/query_grid/install-sh'
libdir='${exec_prefix}/lib'
libexecdir='${exec_prefix}/libexec'
localedir='${datarootdir}/locale'
localstatedir='${prefix}/var'
mandir='${datarootdir}/man'
mkdir_p='$(MKDIR_P)'
oldincludedir='/usr/include'
pdfdir='${docdir}'
prefix='/usr/local'
program_transform_name='s,x,x,'
psdir='${docdir}'
sbindir='${exec_prefix}/sbin'
sharedstatedir='${prefix}/com'
sysconfdir='${prefix}/etc'
target_alias=''

## ----------- ##
## confdefs.h. ##
## ----------- ##

/* confdefs.h */
#define PACKAGE_NAME "query_grid"
#define PACKAGE_TARNAME "query_grid"
#define PACKAGE_VERSION "0.1"
#define PACKAGE_STRING "query_grid 0.1"
#define PACKAGE_BUGREPORT "msl.fulong@gmail.com"
#define PACKAGE_URL ""
#define STDC_HEADERS 1
#define HAVE_SYS_TYPES_H 1
#define HAVE_SYS_STAT_H 1
#define HAVE_STDLIB_H 1
#define HAVE_STRING_H 1
#define HAVE_MEMORY_H 1
#define HAVE_STRINGS_H 1
#define HAVE_INTTYPES_H 1
#define HAVE_STDINT_H 1
#define HAVE_UNISTD_H 1
#define HAVE_STDLIB_H 1

configure: exit 0

## ---------------------- ##
## Running config.status. ##
## ---------------------- ##

This file was extended by query_grid config.status 0.1, which was
generated by GNU Autoconf 2.69.  Invocation command line was

  CONFIG_FILES    = 
  CONFIG_HEADERS  = 
  CONFIG_LINKS    = 
  CONFIG_COMMANDS = 
  $ ./config.status 

on peter

config.status:782: creating Makefile
config.status:954: executing depfiles commands
